<?xml version="1.0" encoding="UTF-8"?>
<testsuite name="test.com.zipservlet.process.TestParseFileLines" tests="1" skipped="0" failures="0" errors="0" timestamp="2015-04-01T02:19:16" hostname="Cata-PC" time="0.045">
  <properties/>
  <testcase name="test" classname="test.com.zipservlet.process.TestParseFileLines" time="0.045"/>
  <system-out><![CDATA[]]></system-out>
  <system-err><![CDATA[]]></system-err>
</testsuite>
