<?xml version="1.0" encoding="UTF-8"?>
<testsuite name="test.com.zipservlet.process.TestProcessPost" tests="1" skipped="0" failures="0" errors="0" timestamp="2015-04-01T02:19:16" hostname="Cata-PC" time="0.04">
  <properties/>
  <testcase name="testProcessUnzippedFiles" classname="test.com.zipservlet.process.TestProcessPost" time="0.04"/>
  <system-out><![CDATA[]]></system-out>
  <system-err><![CDATA[]]></system-err>
</testsuite>
